{"level":"info","message":"[App.js /test] Attempting AI recommendations for session: qvFTexUBnH0n7KxOX6GuVujDjRL2ttpR","timestamp":"2025-05-17T10:44:17.946Z","userData":{"after10th":null,"age":"17","higherStudies":"Yes","incomeLevel":"high","interests":["healthcare"],"location":"delhi ","qualification":"Class 12","stream":"Science","subjects":"PCB"}}
{"level":"info","message":"AI Service: Processing career recommendation request qvFTexUBnH0n7KxOX6GuVujDjRL2ttpR","timestamp":"2025-05-17T10:44:17.986Z","userData":{"after10th":null,"age":"17","higherStudies":"Yes","incomeLevel":"high","interests":["healthcare"],"location":"delhi ","qualification":"Class 12","stream":"Science","subjects":"PCB"}}
{"level":"info","message":"AI Service: Attempt 1 for request qvFTexUBnH0n7KxOX6GuVujDjRL2ttpR","timestamp":"2025-05-17T10:44:17.995Z"}
{"level":"info","message":"AI Service: Successfully generated recommendations for request qvFTexUBnH0n7KxOX6GuVujDjRL2ttpR","timestamp":"2025-05-17T10:44:27.172Z"}
{"level":"info","message":"[App.js /test] AI recommendations successful for session: qvFTexUBnH0n7KxOX6GuVujDjRL2ttpR","timestamp":"2025-05-17T10:44:27.177Z"}
{"level":"info","message":"[CareerController] Attempting AI recommendations for session: GUft-9KXF9vhn6AkyKG9yoNTKseLk5IZ","timestamp":"2025-05-17T10:56:19.096Z","userData":{"after10th":null,"age":"18","higherStudies":"Yes","incomeLevel":"low","interests":["technology","business"],"location":"delhi ","qualification":"Class 12","stream":"Science","subjects":"PCM"}}
{"level":"info","message":"AI Service: Processing career recommendation request GUft-9KXF9vhn6AkyKG9yoNTKseLk5IZ","timestamp":"2025-05-17T10:56:19.145Z","userData":{"after10th":null,"age":"18","higherStudies":"Yes","incomeLevel":"low","interests":["technology","business"],"location":"delhi ","qualification":"Class 12","stream":"Science","subjects":"PCM"}}
{"level":"info","message":"AI Service: Attempt 1 for request GUft-9KXF9vhn6AkyKG9yoNTKseLk5IZ","timestamp":"2025-05-17T10:56:19.155Z"}
{"level":"info","message":"AI Service: Successfully generated recommendations for request GUft-9KXF9vhn6AkyKG9yoNTKseLk5IZ","timestamp":"2025-05-17T10:56:28.245Z"}
{"level":"info","message":"[CareerController] AI recommendations successful for session: GUft-9KXF9vhn6AkyKG9yoNTKseLk5IZ","timestamp":"2025-05-17T10:56:28.249Z"}
{"level":"info","message":"[CareerController] Attempting AI recommendations for session: GUft-9KXF9vhn6AkyKG9yoNTKseLk5IZ","timestamp":"2025-05-17T11:11:10.344Z","userData":{"after10th":null,"age":"25","higherStudies":"Yes","incomeLevel":"high","interests":["arts","healthcare"],"location":"delhi ","qualification":"Class 12","stream":"Science","subjects":"PCB"}}
{"level":"info","message":"AI Service: Processing career recommendation request GUft-9KXF9vhn6AkyKG9yoNTKseLk5IZ","timestamp":"2025-05-17T11:11:10.365Z","userData":{"after10th":null,"age":"25","higherStudies":"Yes","incomeLevel":"high","interests":["arts","healthcare"],"location":"delhi ","qualification":"Class 12","stream":"Science","subjects":"PCB"}}
{"level":"info","message":"AI Service: Attempt 1 for request GUft-9KXF9vhn6AkyKG9yoNTKseLk5IZ","timestamp":"2025-05-17T11:11:10.368Z"}
{"level":"info","message":"AI Service: Successfully generated recommendations for request GUft-9KXF9vhn6AkyKG9yoNTKseLk5IZ","timestamp":"2025-05-17T11:11:17.188Z"}
{"level":"info","message":"[CareerController] AI recommendations successful for session: GUft-9KXF9vhn6AkyKG9yoNTKseLk5IZ","timestamp":"2025-05-17T11:11:17.192Z"}
{"level":"info","message":"[CareerController] Attempting AI recommendations for session: 3zvlvT7Pw9ucqxU5b9oKTxVreJgm3WM7","timestamp":"2025-05-17T11:25:18.515Z","userData":{"after10th":null,"age":"25","higherStudies":"Yes","incomeLevel":"low","interests":["arts"],"location":"delhi","qualification":"Class 12","stream":"Arts","subjects":""}}
{"level":"info","message":"AI Service: Processing career recommendation request 3zvlvT7Pw9ucqxU5b9oKTxVreJgm3WM7","timestamp":"2025-05-17T11:25:18.524Z","userData":{"after10th":null,"age":"25","higherStudies":"Yes","incomeLevel":"low","interests":["arts"],"location":"delhi","qualification":"Class 12","stream":"Arts","subjects":""}}
{"level":"info","message":"AI Service: Attempt 1 for request 3zvlvT7Pw9ucqxU5b9oKTxVreJgm3WM7","timestamp":"2025-05-17T11:25:18.526Z"}
{"level":"info","message":"AI Service: Successfully generated recommendations for request 3zvlvT7Pw9ucqxU5b9oKTxVreJgm3WM7","timestamp":"2025-05-17T11:25:26.839Z"}
{"level":"info","message":"[CareerController] AI recommendations successful for session: 3zvlvT7Pw9ucqxU5b9oKTxVreJgm3WM7","timestamp":"2025-05-17T11:25:26.839Z"}
{"level":"info","message":"[CareerController] Attempting AI recommendations for session: 3zvlvT7Pw9ucqxU5b9oKTxVreJgm3WM7","timestamp":"2025-05-17T11:58:00.498Z","userData":{"after10th":null,"age":"20","higherStudies":"Yes","incomeLevel":"","interests":["technology"],"location":"delhi ","qualification":"Class 12","stream":"Arts","subjects":""}}
{"level":"info","message":"AI Service: Processing career recommendation request 3zvlvT7Pw9ucqxU5b9oKTxVreJgm3WM7","timestamp":"2025-05-17T11:58:00.499Z","userData":{"after10th":null,"age":"20","higherStudies":"Yes","incomeLevel":"","interests":["technology"],"location":"delhi ","qualification":"Class 12","stream":"Arts","subjects":""}}
{"level":"info","message":"AI Service: Attempt 1 for request 3zvlvT7Pw9ucqxU5b9oKTxVreJgm3WM7","timestamp":"2025-05-17T11:58:00.501Z"}
{"level":"info","message":"AI Service: Successfully generated recommendations for request 3zvlvT7Pw9ucqxU5b9oKTxVreJgm3WM7","timestamp":"2025-05-17T11:58:07.154Z"}
{"level":"info","message":"[CareerController] AI recommendations successful for session: 3zvlvT7Pw9ucqxU5b9oKTxVreJgm3WM7","timestamp":"2025-05-17T11:58:07.155Z"}
{"level":"info","message":"[CareerController] Attempting AI recommendations for session: 3zvlvT7Pw9ucqxU5b9oKTxVreJgm3WM7","timestamp":"2025-05-17T12:03:33.752Z","userData":{"after10th":null,"age":"20","higherStudies":"Yes","incomeLevel":"low","interests":["science"],"location":"delhi","qualification":"Class 12","stream":"Science","subjects":"PCM"}}
{"level":"info","message":"AI Service: Processing career recommendation request 3zvlvT7Pw9ucqxU5b9oKTxVreJgm3WM7","timestamp":"2025-05-17T12:03:33.753Z","userData":{"after10th":null,"age":"20","higherStudies":"Yes","incomeLevel":"low","interests":["science"],"location":"delhi","qualification":"Class 12","stream":"Science","subjects":"PCM"}}
{"level":"info","message":"AI Service: Attempt 1 for request 3zvlvT7Pw9ucqxU5b9oKTxVreJgm3WM7","timestamp":"2025-05-17T12:03:33.753Z"}
{"level":"info","message":"AI Service: Successfully generated recommendations for request 3zvlvT7Pw9ucqxU5b9oKTxVreJgm3WM7","timestamp":"2025-05-17T12:03:42.438Z"}
{"level":"info","message":"[CareerController] AI recommendations successful for session: 3zvlvT7Pw9ucqxU5b9oKTxVreJgm3WM7","timestamp":"2025-05-17T12:03:42.439Z"}
{"level":"info","message":"[CareerController] Attempting AI recommendations for session: 3zvlvT7Pw9ucqxU5b9oKTxVreJgm3WM7","timestamp":"2025-05-17T12:14:07.409Z","userData":{"after10th":null,"age":"20","higherStudies":"Yes","incomeLevel":"high","interests":["technology","science","business","arts","healthcare"],"location":"delhi","qualification":"Class 12","stream":"Science","subjects":"PCM"}}
{"level":"info","message":"AI Service: Processing career recommendation request 3zvlvT7Pw9ucqxU5b9oKTxVreJgm3WM7","timestamp":"2025-05-17T12:14:07.413Z","userData":{"after10th":null,"age":"20","higherStudies":"Yes","incomeLevel":"high","interests":["technology","science","business","arts","healthcare"],"location":"delhi","qualification":"Class 12","stream":"Science","subjects":"PCM"}}
{"level":"info","message":"AI Service: Attempt 1 for request 3zvlvT7Pw9ucqxU5b9oKTxVreJgm3WM7","timestamp":"2025-05-17T12:14:07.418Z"}
{"level":"info","message":"AI Service: Successfully generated recommendations for request 3zvlvT7Pw9ucqxU5b9oKTxVreJgm3WM7","timestamp":"2025-05-17T12:14:15.583Z"}
{"level":"info","message":"[CareerController] AI recommendations successful for session: 3zvlvT7Pw9ucqxU5b9oKTxVreJgm3WM7","timestamp":"2025-05-17T12:14:15.584Z"}
{"level":"info","message":"[CareerController] Attempting AI recommendations for session: 3zvlvT7Pw9ucqxU5b9oKTxVreJgm3WM7","timestamp":"2025-05-17T12:23:58.665Z","userData":{"after10th":null,"age":"19","higherStudies":"No","incomeLevel":"","interests":["science"],"location":"delhi","qualification":"Class 12","stream":"Science","subjects":"PCB"}}
{"level":"info","message":"AI Service: Processing career recommendation request 3zvlvT7Pw9ucqxU5b9oKTxVreJgm3WM7","timestamp":"2025-05-17T12:23:58.665Z","userData":{"after10th":null,"age":"19","higherStudies":"No","incomeLevel":"","interests":["science"],"location":"delhi","qualification":"Class 12","stream":"Science","subjects":"PCB"}}
{"level":"info","message":"AI Service: Attempt 1 for request 3zvlvT7Pw9ucqxU5b9oKTxVreJgm3WM7","timestamp":"2025-05-17T12:23:58.667Z"}
{"level":"info","message":"AI Service: Successfully generated recommendations for request 3zvlvT7Pw9ucqxU5b9oKTxVreJgm3WM7","timestamp":"2025-05-17T12:24:05.585Z"}
{"level":"info","message":"[CareerController] AI recommendations successful for session: 3zvlvT7Pw9ucqxU5b9oKTxVreJgm3WM7","timestamp":"2025-05-17T12:24:05.585Z"}
{"level":"info","message":"[CareerController] Attempting AI recommendations for session: 3zvlvT7Pw9ucqxU5b9oKTxVreJgm3WM7","timestamp":"2025-05-17T12:28:15.876Z","userData":{"after10th":null,"age":"20","higherStudies":"Yes","incomeLevel":"","interests":["healthcare"],"location":"delhi","qualification":"Class 12","stream":"Science","subjects":"PCM"}}
{"level":"info","message":"AI Service: Processing career recommendation request 3zvlvT7Pw9ucqxU5b9oKTxVreJgm3WM7","timestamp":"2025-05-17T12:28:15.879Z","userData":{"after10th":null,"age":"20","higherStudies":"Yes","incomeLevel":"","interests":["healthcare"],"location":"delhi","qualification":"Class 12","stream":"Science","subjects":"PCM"}}
{"level":"info","message":"AI Service: Attempt 1 for request 3zvlvT7Pw9ucqxU5b9oKTxVreJgm3WM7","timestamp":"2025-05-17T12:28:15.881Z"}
{"level":"info","message":"AI Service: Successfully generated recommendations for request 3zvlvT7Pw9ucqxU5b9oKTxVreJgm3WM7","timestamp":"2025-05-17T12:28:23.652Z"}
{"level":"info","message":"[CareerController] AI recommendations successful for session: 3zvlvT7Pw9ucqxU5b9oKTxVreJgm3WM7","timestamp":"2025-05-17T12:28:23.653Z"}
{"level":"info","message":"[CareerController] Attempting AI recommendations for session: xaSAKdBC0yX8UIv37NAIFiEa33Poe8HZ","timestamp":"2025-05-17T12:47:04.060Z","userData":{"after10th":null,"age":"16","higherStudies":"No","incomeLevel":"","interests":[],"location":"delhi ","qualification":"Class 12","stream":"Arts","subjects":""}}
{"level":"info","message":"AI Service: Processing career recommendation request xaSAKdBC0yX8UIv37NAIFiEa33Poe8HZ","timestamp":"2025-05-17T12:47:04.069Z","userData":{"after10th":null,"age":"16","higherStudies":"No","incomeLevel":"","interests":[],"location":"delhi ","qualification":"Class 12","stream":"Arts","subjects":""}}
{"level":"info","message":"AI Service: Attempt 1 for request xaSAKdBC0yX8UIv37NAIFiEa33Poe8HZ","timestamp":"2025-05-17T12:47:04.071Z"}
{"level":"info","message":"AI Service: Successfully generated recommendations for request xaSAKdBC0yX8UIv37NAIFiEa33Poe8HZ","timestamp":"2025-05-17T12:47:10.271Z"}
{"level":"info","message":"[CareerController] AI recommendations successful for session: xaSAKdBC0yX8UIv37NAIFiEa33Poe8HZ","timestamp":"2025-05-17T12:47:10.272Z"}
{"level":"info","message":"[CareerController] Attempting AI recommendations for session: xaSAKdBC0yX8UIv37NAIFiEa33Poe8HZ","timestamp":"2025-05-17T12:53:12.809Z","userData":{"after10th":null,"age":"19","higherStudies":"No","incomeLevel":"","interests":["technology"],"location":"delhi ","qualification":"Class 12","stream":"Science","subjects":"PCM"}}
{"level":"info","message":"AI Service: Processing career recommendation request xaSAKdBC0yX8UIv37NAIFiEa33Poe8HZ","timestamp":"2025-05-17T12:53:12.811Z","userData":{"after10th":null,"age":"19","higherStudies":"No","incomeLevel":"","interests":["technology"],"location":"delhi ","qualification":"Class 12","stream":"Science","subjects":"PCM"}}
{"level":"info","message":"AI Service: Attempt 1 for request xaSAKdBC0yX8UIv37NAIFiEa33Poe8HZ","timestamp":"2025-05-17T12:53:12.812Z"}
{"level":"info","message":"AI Service: Successfully generated recommendations for request xaSAKdBC0yX8UIv37NAIFiEa33Poe8HZ","timestamp":"2025-05-17T12:53:19.760Z"}
{"level":"info","message":"[CareerController] AI recommendations successful for session: xaSAKdBC0yX8UIv37NAIFiEa33Poe8HZ","timestamp":"2025-05-17T12:53:19.766Z"}
{"level":"info","message":"[CareerController] Attempting AI recommendations for session: xaSAKdBC0yX8UIv37NAIFiEa33Poe8HZ","timestamp":"2025-05-17T12:53:49.687Z","userData":{"after10th":null,"age":"19","higherStudies":"No","incomeLevel":"","interests":["technology"],"location":"delhi ","qualification":"Class 12","stream":"Science","subjects":"PCM"}}
{"level":"info","message":"AI Service: Processing career recommendation request xaSAKdBC0yX8UIv37NAIFiEa33Poe8HZ","timestamp":"2025-05-17T12:53:49.688Z","userData":{"after10th":null,"age":"19","higherStudies":"No","incomeLevel":"","interests":["technology"],"location":"delhi ","qualification":"Class 12","stream":"Science","subjects":"PCM"}}
{"level":"info","message":"AI Service: Attempt 1 for request xaSAKdBC0yX8UIv37NAIFiEa33Poe8HZ","timestamp":"2025-05-17T12:53:49.691Z"}
{"level":"info","message":"AI Service: Successfully generated recommendations for request xaSAKdBC0yX8UIv37NAIFiEa33Poe8HZ","timestamp":"2025-05-17T12:53:56.928Z"}
{"level":"info","message":"[CareerController] AI recommendations successful for session: xaSAKdBC0yX8UIv37NAIFiEa33Poe8HZ","timestamp":"2025-05-17T12:53:56.929Z"}
{"level":"info","message":"[CareerController] Attempting AI recommendations for session: xaSAKdBC0yX8UIv37NAIFiEa33Poe8HZ","timestamp":"2025-05-17T13:22:13.915Z","userData":{"after10th":null,"age":"20","higherStudies":"No","incomeLevel":"","interests":[],"location":"delhi","qualification":"Class 12","stream":"Science","subjects":"PCM"}}
{"level":"info","message":"AI Service: Processing career recommendation request xaSAKdBC0yX8UIv37NAIFiEa33Poe8HZ","timestamp":"2025-05-17T13:22:13.915Z","userData":{"after10th":null,"age":"20","higherStudies":"No","incomeLevel":"","interests":[],"location":"delhi","qualification":"Class 12","stream":"Science","subjects":"PCM"}}
{"level":"info","message":"AI Service: Attempt 1 for request xaSAKdBC0yX8UIv37NAIFiEa33Poe8HZ","timestamp":"2025-05-17T13:22:13.916Z"}
{"level":"info","message":"AI Service: Successfully generated recommendations for request xaSAKdBC0yX8UIv37NAIFiEa33Poe8HZ","timestamp":"2025-05-17T13:22:21.225Z"}
{"level":"info","message":"[CareerController] AI recommendations successful for session: xaSAKdBC0yX8UIv37NAIFiEa33Poe8HZ","timestamp":"2025-05-17T13:22:21.226Z"}
{"level":"info","message":"[CareerController] Attempting AI recommendations for session: xaSAKdBC0yX8UIv37NAIFiEa33Poe8HZ","timestamp":"2025-05-17T13:25:28.840Z","userData":{"after10th":null,"age":"19","higherStudies":"Yes","incomeLevel":"low","interests":["arts","healthcare"],"location":"delhi","qualification":"Class 12","stream":"Science","subjects":"PCB"}}
{"level":"info","message":"AI Service: Processing career recommendation request xaSAKdBC0yX8UIv37NAIFiEa33Poe8HZ","timestamp":"2025-05-17T13:25:28.841Z","userData":{"after10th":null,"age":"19","higherStudies":"Yes","incomeLevel":"low","interests":["arts","healthcare"],"location":"delhi","qualification":"Class 12","stream":"Science","subjects":"PCB"}}
{"level":"info","message":"AI Service: Attempt 1 for request xaSAKdBC0yX8UIv37NAIFiEa33Poe8HZ","timestamp":"2025-05-17T13:25:28.843Z"}
{"level":"info","message":"AI Service: Successfully generated recommendations for request xaSAKdBC0yX8UIv37NAIFiEa33Poe8HZ","timestamp":"2025-05-17T13:25:37.610Z"}
{"level":"info","message":"[CareerController] AI recommendations successful for session: xaSAKdBC0yX8UIv37NAIFiEa33Poe8HZ","timestamp":"2025-05-17T13:25:37.611Z"}
{"level":"info","message":"[CareerController] Attempting AI recommendations for session: xaSAKdBC0yX8UIv37NAIFiEa33Poe8HZ","timestamp":"2025-05-17T13:27:40.665Z","userData":{"after10th":null,"age":"19","higherStudies":"Yes","incomeLevel":"high","interests":["healthcare"],"location":"delhi","qualification":"Class 12","stream":"Science","subjects":"PCB"}}
{"level":"info","message":"AI Service: Processing career recommendation request xaSAKdBC0yX8UIv37NAIFiEa33Poe8HZ","timestamp":"2025-05-17T13:27:40.667Z","userData":{"after10th":null,"age":"19","higherStudies":"Yes","incomeLevel":"high","interests":["healthcare"],"location":"delhi","qualification":"Class 12","stream":"Science","subjects":"PCB"}}
{"level":"info","message":"AI Service: Attempt 1 for request xaSAKdBC0yX8UIv37NAIFiEa33Poe8HZ","timestamp":"2025-05-17T13:27:40.667Z"}
{"level":"info","message":"AI Service: Successfully generated recommendations for request xaSAKdBC0yX8UIv37NAIFiEa33Poe8HZ","timestamp":"2025-05-17T13:27:47.944Z"}
{"level":"info","message":"[CareerController] AI recommendations successful for session: xaSAKdBC0yX8UIv37NAIFiEa33Poe8HZ","timestamp":"2025-05-17T13:27:47.944Z"}
{"level":"info","message":"[CareerController] Attempting AI recommendations for session: xaSAKdBC0yX8UIv37NAIFiEa33Poe8HZ","timestamp":"2025-05-17T13:37:42.797Z","userData":{"after10th":null,"age":"20","higherStudies":"Yes","incomeLevel":"","interests":[],"location":"delhi","qualification":"Class 12","stream":"Science","subjects":"PCM"}}
{"level":"info","message":"AI Service: Processing career recommendation request xaSAKdBC0yX8UIv37NAIFiEa33Poe8HZ","timestamp":"2025-05-17T13:37:42.799Z","userData":{"after10th":null,"age":"20","higherStudies":"Yes","incomeLevel":"","interests":[],"location":"delhi","qualification":"Class 12","stream":"Science","subjects":"PCM"}}
{"level":"info","message":"AI Service: Attempt 1 for request xaSAKdBC0yX8UIv37NAIFiEa33Poe8HZ","timestamp":"2025-05-17T13:37:42.802Z"}
{"level":"info","message":"AI Service: Successfully generated recommendations for request xaSAKdBC0yX8UIv37NAIFiEa33Poe8HZ","timestamp":"2025-05-17T13:37:50.319Z"}
{"level":"info","message":"[CareerController] AI recommendations successful for session: xaSAKdBC0yX8UIv37NAIFiEa33Poe8HZ","timestamp":"2025-05-17T13:37:50.320Z"}
{"level":"info","message":"[CareerController] Attempting AI recommendations for session: xaSAKdBC0yX8UIv37NAIFiEa33Poe8HZ","timestamp":"2025-05-17T13:44:53.067Z","userData":{"after10th":null,"age":"18","higherStudies":"Yes","incomeLevel":"","interests":["technology"],"location":"delhi","qualification":"Class 12","stream":"Science","subjects":"PCM"}}
{"level":"info","message":"AI Service: Processing career recommendation request xaSAKdBC0yX8UIv37NAIFiEa33Poe8HZ","timestamp":"2025-05-17T13:44:53.068Z","userData":{"after10th":null,"age":"18","higherStudies":"Yes","incomeLevel":"","interests":["technology"],"location":"delhi","qualification":"Class 12","stream":"Science","subjects":"PCM"}}
{"level":"info","message":"AI Service: Attempt 1 for request xaSAKdBC0yX8UIv37NAIFiEa33Poe8HZ","timestamp":"2025-05-17T13:44:53.068Z"}
{"level":"info","message":"AI Service: Successfully generated recommendations for request xaSAKdBC0yX8UIv37NAIFiEa33Poe8HZ","timestamp":"2025-05-17T13:44:59.307Z"}
{"level":"info","message":"[CareerController] AI recommendations successful for session: xaSAKdBC0yX8UIv37NAIFiEa33Poe8HZ","timestamp":"2025-05-17T13:44:59.308Z"}
{"level":"info","message":"[CareerController] Attempting AI recommendations for session: xaSAKdBC0yX8UIv37NAIFiEa33Poe8HZ","timestamp":"2025-05-17T14:40:24.178Z","userData":{"after10th":null,"age":"14","higherStudies":"No","incomeLevel":"","interests":[],"location":"delhi ","qualification":"Class 12","stream":"Science","subjects":"PCM"}}
{"level":"info","message":"AI Service: Processing career recommendation request xaSAKdBC0yX8UIv37NAIFiEa33Poe8HZ","timestamp":"2025-05-17T14:40:24.179Z","userData":{"after10th":null,"age":"14","higherStudies":"No","incomeLevel":"","interests":[],"location":"delhi ","qualification":"Class 12","stream":"Science","subjects":"PCM"}}
{"level":"info","message":"AI Service: Attempt 1 for request xaSAKdBC0yX8UIv37NAIFiEa33Poe8HZ","timestamp":"2025-05-17T14:40:24.181Z"}
{"level":"info","message":"AI Service: Successfully generated recommendations for request xaSAKdBC0yX8UIv37NAIFiEa33Poe8HZ","timestamp":"2025-05-17T14:40:30.300Z"}
{"level":"info","message":"[CareerController] AI recommendations successful for session: xaSAKdBC0yX8UIv37NAIFiEa33Poe8HZ","timestamp":"2025-05-17T14:40:30.301Z"}
{"level":"info","message":"[CareerController] Attempting AI recommendations for session: xaSAKdBC0yX8UIv37NAIFiEa33Poe8HZ","timestamp":"2025-05-17T15:02:34.411Z","userData":{"after10th":null,"age":"14","higherStudies":"Yes","incomeLevel":"high","interests":["business"],"location":"delhi","qualification":"Class 12","stream":"Science","subjects":"PCM"}}
{"level":"info","message":"AI Service: Processing career recommendation request xaSAKdBC0yX8UIv37NAIFiEa33Poe8HZ","timestamp":"2025-05-17T15:02:34.412Z","userData":{"after10th":null,"age":"14","higherStudies":"Yes","incomeLevel":"high","interests":["business"],"location":"delhi","qualification":"Class 12","stream":"Science","subjects":"PCM"}}
{"level":"info","message":"AI Service: Attempt 1 for request xaSAKdBC0yX8UIv37NAIFiEa33Poe8HZ","timestamp":"2025-05-17T15:02:34.412Z"}
{"level":"info","message":"AI Service: Successfully generated recommendations for request xaSAKdBC0yX8UIv37NAIFiEa33Poe8HZ","timestamp":"2025-05-17T15:02:41.682Z"}
{"level":"info","message":"[CareerController] AI recommendations successful for session: xaSAKdBC0yX8UIv37NAIFiEa33Poe8HZ","timestamp":"2025-05-17T15:02:41.683Z"}
{"level":"info","message":"[CareerController] Attempting AI recommendations for session: xaSAKdBC0yX8UIv37NAIFiEa33Poe8HZ","timestamp":"2025-05-17T15:03:16.482Z","userData":{"after10th":null,"age":"20","higherStudies":"Yes","incomeLevel":"","interests":["business"],"location":"delhi ","qualification":"Class 12","stream":"Science","subjects":"PCM"}}
{"level":"info","message":"AI Service: Processing career recommendation request xaSAKdBC0yX8UIv37NAIFiEa33Poe8HZ","timestamp":"2025-05-17T15:03:16.483Z","userData":{"after10th":null,"age":"20","higherStudies":"Yes","incomeLevel":"","interests":["business"],"location":"delhi ","qualification":"Class 12","stream":"Science","subjects":"PCM"}}
{"level":"info","message":"AI Service: Attempt 1 for request xaSAKdBC0yX8UIv37NAIFiEa33Poe8HZ","timestamp":"2025-05-17T15:03:16.483Z"}
{"level":"info","message":"AI Service: Successfully generated recommendations for request xaSAKdBC0yX8UIv37NAIFiEa33Poe8HZ","timestamp":"2025-05-17T15:03:22.665Z"}
{"level":"info","message":"[CareerController] AI recommendations successful for session: xaSAKdBC0yX8UIv37NAIFiEa33Poe8HZ","timestamp":"2025-05-17T15:03:22.665Z"}
{"level":"info","message":"[CareerController] Attempting AI recommendations for session: xaSAKdBC0yX8UIv37NAIFiEa33Poe8HZ","timestamp":"2025-05-17T15:07:56.182Z","userData":{"after10th":null,"age":"19","higherStudies":"Yes","incomeLevel":"","interests":["science"],"location":"delhi","qualification":"Class 12","stream":"Science","subjects":"PCB"}}
{"level":"info","message":"AI Service: Processing career recommendation request xaSAKdBC0yX8UIv37NAIFiEa33Poe8HZ","timestamp":"2025-05-17T15:07:56.182Z","userData":{"after10th":null,"age":"19","higherStudies":"Yes","incomeLevel":"","interests":["science"],"location":"delhi","qualification":"Class 12","stream":"Science","subjects":"PCB"}}
{"level":"info","message":"AI Service: Attempt 1 for request xaSAKdBC0yX8UIv37NAIFiEa33Poe8HZ","timestamp":"2025-05-17T15:07:56.186Z"}
{"level":"info","message":"AI Service: Successfully generated recommendations for request xaSAKdBC0yX8UIv37NAIFiEa33Poe8HZ","timestamp":"2025-05-17T15:08:03.032Z"}
{"level":"info","message":"[CareerController] AI recommendations successful for session: xaSAKdBC0yX8UIv37NAIFiEa33Poe8HZ","timestamp":"2025-05-17T15:08:03.033Z"}
{"level":"info","message":"[CareerController] Attempting AI recommendations for session: xaSAKdBC0yX8UIv37NAIFiEa33Poe8HZ","timestamp":"2025-05-17T15:09:00.174Z","userData":{"after10th":null,"age":"19","higherStudies":"No","incomeLevel":"","interests":[],"location":"delhi","qualification":"Class 12","stream":"Science","subjects":"PCM"}}
{"level":"info","message":"AI Service: Processing career recommendation request xaSAKdBC0yX8UIv37NAIFiEa33Poe8HZ","timestamp":"2025-05-17T15:09:00.175Z","userData":{"after10th":null,"age":"19","higherStudies":"No","incomeLevel":"","interests":[],"location":"delhi","qualification":"Class 12","stream":"Science","subjects":"PCM"}}
{"level":"info","message":"AI Service: Attempt 1 for request xaSAKdBC0yX8UIv37NAIFiEa33Poe8HZ","timestamp":"2025-05-17T15:09:00.175Z"}
{"level":"info","message":"AI Service: Successfully generated recommendations for request xaSAKdBC0yX8UIv37NAIFiEa33Poe8HZ","timestamp":"2025-05-17T15:09:07.017Z"}
{"level":"info","message":"[CareerController] AI recommendations successful for session: xaSAKdBC0yX8UIv37NAIFiEa33Poe8HZ","timestamp":"2025-05-17T15:09:07.018Z"}
{"error":"/home/snehit/GoCareer/views/search-results.ejs:153\n    151|   </head>\n    152|   <body>\n >> 153|     <%- include('partials/header', {\n    154|       title: pageTitle || 'Search Results'\n    155|     }) %>\n    156| \n\npageTitle is not defined","level":"error","message":"Unhandled error:","stack":"ReferenceError: /home/snehit/GoCareer/views/search-results.ejs:153\n    151|   </head>\n    152|   <body>\n >> 153|     <%- include('partials/header', {\n    154|       title: pageTitle || 'Search Results'\n    155|     }) %>\n    156| \n\npageTitle is not defined\n    at eval (\"/home/snehit/GoCareer/views/search-results.ejs\":13:14)\n    at search-results (/home/snehit/GoCareer/node_modules/ejs/lib/ejs.js:703:17)\n    at tryHandleCache (/home/snehit/GoCareer/node_modules/ejs/lib/ejs.js:274:36)\n    at exports.renderFile [as engine] (/home/snehit/GoCareer/node_modules/ejs/lib/ejs.js:491:10)\n    at View.render (/home/snehit/GoCareer/node_modules/express/lib/view.js:135:8)\n    at tryRender (/home/snehit/GoCareer/node_modules/express/lib/application.js:657:10)\n    at Function.render (/home/snehit/GoCareer/node_modules/express/lib/application.js:609:3)\n    at ServerResponse.render (/home/snehit/GoCareer/node_modules/express/lib/response.js:1049:7)\n    at exports.performSearch (/home/snehit/GoCareer/controllers/searchController.js:21:9)\n    at Layer.handle [as handle_request] (/home/snehit/GoCareer/node_modules/express/lib/router/layer.js:95:5)","timestamp":"2025-05-17T15:14:09.934Z"}
{"level":"info","message":"[CareerController] Attempting AI recommendations for session: xaSAKdBC0yX8UIv37NAIFiEa33Poe8HZ","timestamp":"2025-05-17T16:07:59.067Z","userData":{"after10th":null,"age":"20","higherStudies":"Yes","incomeLevel":"high","interests":["technology"],"location":"delhi ","qualification":"Class 12","stream":"Science","subjects":"PCM"}}
{"level":"info","message":"AI Service: Processing career recommendation request xaSAKdBC0yX8UIv37NAIFiEa33Poe8HZ","timestamp":"2025-05-17T16:07:59.068Z","userData":{"after10th":null,"age":"20","higherStudies":"Yes","incomeLevel":"high","interests":["technology"],"location":"delhi ","qualification":"Class 12","stream":"Science","subjects":"PCM"}}
{"level":"info","message":"AI Service: Attempt 1 for request xaSAKdBC0yX8UIv37NAIFiEa33Poe8HZ","timestamp":"2025-05-17T16:07:59.068Z"}
{"level":"info","message":"AI Service: Successfully generated recommendations for request xaSAKdBC0yX8UIv37NAIFiEa33Poe8HZ","timestamp":"2025-05-17T16:08:06.557Z"}
{"level":"info","message":"[CareerController] AI recommendations successful for session: xaSAKdBC0yX8UIv37NAIFiEa33Poe8HZ","timestamp":"2025-05-17T16:08:06.558Z"}
